[2024-09-17 05:02:29] local.ERROR: There are no commands defined in the "make:" namespace.

Did you mean this?
    make {"exception":"[object] (Symfony\\Component\\Console\\Exception\\NamespaceNotFoundException(code: 0): There are no commands defined in the \"make:\" namespace.

Did you mean this?
    make at /Users/juangmaulana/book-management/vendor/symfony/console/Application.php:636)
[stacktrace]
#0 /Users/juangmaulana/book-management/vendor/symfony/console/Application.php(685): Symfony\\Component\\Console\\Application->findNamespace('make:')
#1 /Users/juangmaulana/book-management/vendor/symfony/console/Application.php(258): Symfony\\Component\\Console\\Application->find('make::controllw...')
#2 /Users/juangmaulana/book-management/vendor/symfony/console/Application.php(167): Symfony\\Component\\Console\\Application->doRun(Object(Symfony\\Component\\Console\\Input\\ArgvInput), Object(Symfony\\Component\\Console\\Output\\ConsoleOutput))
#3 /Users/juangmaulana/book-management/vendor/laravel/framework/src/Illuminate/Foundation/Console/Kernel.php(197): Symfony\\Component\\Console\\Application->run(Object(Symfony\\Component\\Console\\Input\\ArgvInput), Object(Symfony\\Component\\Console\\Output\\ConsoleOutput))
#4 /Users/juangmaulana/book-management/vendor/laravel/framework/src/Illuminate/Foundation/Application.php(1203): Illuminate\\Foundation\\Console\\Kernel->handle(Object(Symfony\\Component\\Console\\Input\\ArgvInput), Object(Symfony\\Component\\Console\\Output\\ConsoleOutput))
#5 /Users/juangmaulana/book-management/artisan(13): Illuminate\\Foundation\\Application->handleCommand(Object(Symfony\\Component\\Console\\Input\\ArgvInput))
#6 {main}
"} 
[2024-09-17 05:02:44] local.ERROR: There are no commands defined in the "make:" namespace.

Did you mean this?
    make {"exception":"[object] (Symfony\\Component\\Console\\Exception\\NamespaceNotFoundException(code: 0): There are no commands defined in the \"make:\" namespace.

Did you mean this?
    make at /Users/juangmaulana/book-management/vendor/symfony/console/Application.php:636)
[stacktrace]
#0 /Users/juangmaulana/book-management/vendor/symfony/console/Application.php(685): Symfony\\Component\\Console\\Application->findNamespace('make:')
#1 /Users/juangmaulana/book-management/vendor/symfony/console/Application.php(258): Symfony\\Component\\Console\\Application->find('make::controlle...')
#2 /Users/juangmaulana/book-management/vendor/symfony/console/Application.php(167): Symfony\\Component\\Console\\Application->doRun(Object(Symfony\\Component\\Console\\Input\\ArgvInput), Object(Symfony\\Component\\Console\\Output\\ConsoleOutput))
#3 /Users/juangmaulana/book-management/vendor/laravel/framework/src/Illuminate/Foundation/Console/Kernel.php(197): Symfony\\Component\\Console\\Application->run(Object(Symfony\\Component\\Console\\Input\\ArgvInput), Object(Symfony\\Component\\Console\\Output\\ConsoleOutput))
#4 /Users/juangmaulana/book-management/vendor/laravel/framework/src/Illuminate/Foundation/Application.php(1203): Illuminate\\Foundation\\Console\\Kernel->handle(Object(Symfony\\Component\\Console\\Input\\ArgvInput), Object(Symfony\\Component\\Console\\Output\\ConsoleOutput))
#5 /Users/juangmaulana/book-management/artisan(13): Illuminate\\Foundation\\Application->handleCommand(Object(Symfony\\Component\\Console\\Input\\ArgvInput))
#6 {main}
"} 
[2024-09-17 05:12:36] local.ERROR: Command "ui" is not defined. {"exception":"[object] (Symfony\\Component\\Console\\Exception\\CommandNotFoundException(code: 0): Command \"ui\" is not defined. at /Users/juangmaulana/book-management/vendor/symfony/console/Application.php:702)
[stacktrace]
#0 /Users/juangmaulana/book-management/vendor/symfony/console/Application.php(258): Symfony\\Component\\Console\\Application->find('ui')
#1 /Users/juangmaulana/book-management/vendor/symfony/console/Application.php(167): Symfony\\Component\\Console\\Application->doRun(Object(Symfony\\Component\\Console\\Input\\ArgvInput), Object(Symfony\\Component\\Console\\Output\\ConsoleOutput))
#2 /Users/juangmaulana/book-management/vendor/laravel/framework/src/Illuminate/Foundation/Console/Kernel.php(197): Symfony\\Component\\Console\\Application->run(Object(Symfony\\Component\\Console\\Input\\ArgvInput), Object(Symfony\\Component\\Console\\Output\\ConsoleOutput))
#3 /Users/juangmaulana/book-management/vendor/laravel/framework/src/Illuminate/Foundation/Application.php(1203): Illuminate\\Foundation\\Console\\Kernel->handle(Object(Symfony\\Component\\Console\\Input\\ArgvInput), Object(Symfony\\Component\\Console\\Output\\ConsoleOutput))
#4 /Users/juangmaulana/book-management/artisan(13): Illuminate\\Foundation\\Application->handleCommand(Object(Symfony\\Component\\Console\\Input\\ArgvInput))
#5 {main}
"} 
